<?xml version="1.0" encoding="UTF-8"?>
<!-- Generated by org.testng.reporters.JUnitReportReporter -->
<testsuite hostname="ICPL11574" name="com.automation.test.ExecutionSequence" tests="4" failures="0" timestamp="4 Jun 2017 03:01:27 GMT" time="0.027" errors="0">
  <testcase name="One" time="0.004" classname="com.automation.test.ExecutionSequence"/>
  <testcase name="Three" time="0.005" classname="com.automation.test.ExecutionSequence"/>
  <testcase name="Four" time="0.014" classname="com.automation.test.ExecutionSequence"/>
  <testcase name="Two" time="0.004" classname="com.automation.test.ExecutionSequence"/>
</testsuite> <!-- com.automation.test.ExecutionSequence -->
