<?xml version="1.0" encoding="UTF-8"?>
<!-- Generated by org.testng.reporters.JUnitReportReporter -->
<testsuite hostname="ICPL11574" name="com.automation.test.Dependent" tests="3" failures="0" timestamp="4 Jun 2017 03:24:03 GMT" time="0.021" errors="0">
  <testcase name="SignIn" time="0.003" classname="com.automation.test.Dependent"/>
  <testcase name="LogOut" time="0.004" classname="com.automation.test.Dependent"/>
  <testcase name="OpenBrowser" time="0.014" classname="com.automation.test.Dependent"/>
</testsuite> <!-- com.automation.test.Dependent -->
