<?xml version="1.0" encoding="UTF-8"?>
<!-- Generated by org.testng.reporters.JUnitReportReporter -->
<testsuite hostname="ICPL11574" name="com.automation.test.ExecutionSeq1" tests="4" failures="0" timestamp="4 Jun 2017 03:04:11 GMT" time="0.030" errors="0">
  <testcase name="Two" time="0.005" classname="com.automation.test.ExecutionSeq1"/>
  <testcase name="Three" time="0.006" classname="com.automation.test.ExecutionSeq1"/>
  <testcase name="One" time="0.014" classname="com.automation.test.ExecutionSeq1"/>
  <testcase name="Four" time="0.005" classname="com.automation.test.ExecutionSeq1"/>
</testsuite> <!-- com.automation.test.ExecutionSeq1 -->
