<?xml version="1.0" encoding="UTF-8"?>
<!-- Generated by org.testng.reporters.JUnitReportReporter -->
<testsuite hostname="ICPL11574" name="com.automation.test.TestNGFlow" tests="1" failures="0" timestamp="4 Jun 2017 02:57:14 GMT" time="0.007" errors="0">
  <testcase name="TC0" time="0.007" classname="com.automation.test.TestNGFlow"/>
</testsuite> <!-- com.automation.test.TestNGFlow -->
