<?xml version="1.0" encoding="UTF-8"?>
<!-- Generated by org.testng.reporters.JUnitReportReporter -->
<testsuite hostname="ICPL11574" name="com.automation.test.TestNGGroupFlow" tests="5" failures="0" timestamp="4 Jun 2017 03:18:51 GMT" time="0.032" errors="0">
  <testcase name="Scooter2" time="0.005" classname="com.automation.test.TestNGGroupFlow"/>
  <testcase name="Car1" time="0.015" classname="com.automation.test.TestNGGroupFlow"/>
  <testcase name="Sedan1" time="0.003" classname="com.automation.test.TestNGGroupFlow"/>
  <testcase name="Scooter1" time="0.004" classname="com.automation.test.TestNGGroupFlow"/>
  <testcase name="Car2" time="0.005" classname="com.automation.test.TestNGGroupFlow"/>
</testsuite> <!-- com.automation.test.TestNGGroupFlow -->
